This is pdfTeX, Version 3.141592653-2.6-1.40.22 (TeX Live 2022/dev/Debian) (preloaded format=pdflatex 2024.9.29)  4 OCT 2024 17:31
entering extended mode
 restricted \write18 enabled.
 %&-line parsing enabled.
**refman
(./refman.tex
LaTeX2e <2021-11-15> patch level 1
L3 programming layer <2022-01-21>
(/usr/share/texlive/texmf-dist/tex/latex/base/book.cls
Document Class: book 2021/10/04 v1.4n Standard LaTeX document class
(/usr/share/texlive/texmf-dist/tex/latex/base/bk10.clo
File: bk10.clo 2021/10/04 v1.4n Standard LaTeX file (size option)
)
\c@part=\count185
\c@chapter=\count186
\c@section=\count187
\c@subsection=\count188
\c@subsubsection=\count189
\c@paragraph=\count190
\c@subparagraph=\count191
\c@figure=\count192
\c@table=\count193
\abovecaptionskip=\skip47
\belowcaptionskip=\skip48
\bibindent=\dimen138
)
(/usr/share/texlive/texmf-dist/tex/latex/base/ifthen.sty
Package: ifthen 2020/11/24 v1.1c Standard LaTeX ifthen package (DPC)
)
(/usr/share/texlive/texmf-dist/tex/latex/tools/array.sty
Rollback for package 'array' requested -> date 2016-10-06.
         Best approximation is the release introduced on 2016-10-06.

(/usr/share/texlive/texmf-dist/tex/latex/tools/array-2016-10-06.sty
Package: array 2016/10/06 v2.4d Tabular extension package (FMi)
\col@sep=\dimen139
\extrarowheight=\dimen140
\NC@list=\toks16
\extratabsurround=\skip49
\backup@length=\skip50
))
(/usr/share/texlive/texmf-dist/tex/latex/base/fixltx2e.sty
Package: fixltx2e 2016/12/29 v2.1a fixes to LaTeX (obsolete)
Applying: [2015/01/01] Old fixltx2e package on input line 46.


Package fixltx2e Warning: fixltx2e is not required with releases after 2015
(fixltx2e)                All fixes are now in the LaTeX kernel.
(fixltx2e)                See the latexrelease package for details.

Already applied: [0000/00/00] Old fixltx2e package on input line 53.
) (./doxygen.sty
Package: doxygen 
 (/usr/share/texlive/texmf-dist/tex/latex/base/alltt.sty
Package: alltt 2021/01/29 v2.0g defines alltt environment
)
(/usr/share/texlive/texmf-dist/tex/latex/tools/calc.sty
Package: calc 2017/05/25 v4.3 Infix arithmetic (KKT,FJ)
\calc@Acount=\count194
\calc@Bcount=\count195
\calc@Adimen=\dimen141
\calc@Bdimen=\dimen142
\calc@Askip=\skip51
\calc@Bskip=\skip52
LaTeX Info: Redefining \setlength on input line 80.
LaTeX Info: Redefining \addtolength on input line 81.
\calc@Ccount=\count196
\calc@Cskip=\skip53
)
(/usr/share/texlive/texmf-dist/tex/latex/float/float.sty
Package: float 2001/11/08 v1.3d Float enhancements (AL)
\c@float@type=\count197
\float@exts=\toks17
\float@box=\box50
\@float@everytoks=\toks18
\@floatcapt=\box51
)
(/usr/share/texlive/texmf-dist/tex/latex/tools/verbatim.sty
Package: verbatim 2020-07-07 v1.5u LaTeX2e package for verbatim enhancements
\every@verbatim=\toks19
\verbatim@line=\toks20
\verbatim@in@stream=\read2
)
(/usr/share/texlive/texmf-dist/tex/latex/xcolor/xcolor.sty
Package: xcolor 2021/10/31 v2.13 LaTeX color extensions (UK)

(/usr/share/texlive/texmf-dist/tex/latex/graphics-cfg/color.cfg
File: color.cfg 2016/01/02 v1.6 sample color configuration
)
Package xcolor Info: Driver file: pdftex.def on input line 227.

(/usr/share/texlive/texmf-dist/tex/latex/graphics-def/pdftex.def
File: pdftex.def 2020/10/05 v1.2a Graphics/color driver for pdftex
)
(/usr/share/texlive/texmf-dist/tex/latex/colortbl/colortbl.sty
Package: colortbl 2020/01/04 v1.0e Color table columns (DPC)
\everycr=\toks21
\minrowclearance=\skip54
)
\rownum=\count198
Package xcolor Info: Model `cmy' substituted by `cmy0' on input line 1352.
Package xcolor Info: Model `hsb' substituted by `rgb' on input line 1356.
Package xcolor Info: Model `RGB' extended on input line 1368.
Package xcolor Info: Model `HTML' substituted by `rgb' on input line 1370.
Package xcolor Info: Model `Hsb' substituted by `hsb' on input line 1371.
Package xcolor Info: Model `tHsb' substituted by `hsb' on input line 1372.
Package xcolor Info: Model `HSB' substituted by `hsb' on input line 1373.
Package xcolor Info: Model `Gray' substituted by `gray' on input line 1374.
Package xcolor Info: Model `wave' substituted by `hsb' on input line 1375.
)
(./longtable_doxygen.sty
Package: longtable_doxygen 2014/10/28 v4.11 Multi-page Table package (DPC) - fr
ozen version for doxygen
\LTleft=\skip55
\LTright=\skip56
\LTpre=\skip57
\LTpost=\skip58
\LTchunksize=\count199
\LTcapwidth=\dimen143
\LT@head=\box52
\LT@firsthead=\box53
\LT@foot=\box54
\LT@lastfoot=\box55
\LT@cols=\count266
\LT@rows=\count267
\c@LT@tables=\count268
\c@LT@chunks=\count269
\LT@p@ftn=\toks22
) (./tabu_doxygen.sty
Package: tabu_doxygen 2011/02/26 v2.8 - flexible LaTeX tabulars (FC), frozen ve
rsion for doxygen

(/usr/share/texlive/texmf-dist/tex/latex/varwidth/varwidth.sty
Package: varwidth 2009/03/30 ver 0.92;  Variable-width minipages
\@vwid@box=\box56
\sift@deathcycles=\count270
\@vwid@loff=\dimen144
\@vwid@roff=\dimen145
)
\c@taburow=\count271
\tabu@nbcols=\count272
\tabu@cnt=\count273
\tabu@Xcol=\count274
\tabu@alloc=\count275
\tabu@nested=\count276
\tabu@target=\dimen146
\tabu@spreadtarget=\dimen147
\tabu@naturalX=\dimen148
\tabucolX=\dimen149
\tabu@Xsum=\dimen150
\extrarowdepth=\dimen151
\abovetabulinesep=\dimen152
\belowtabulinesep=\dimen153
\tabustrutrule=\dimen154
\tabu@thebody=\toks23
\tabu@footnotes=\toks24
\tabu@box=\box57
\tabu@arstrutbox=\box58
\tabu@hleads=\box59
\tabu@vleads=\box60
\tabu@cellskip=\skip59
)
(/usr/share/texlive/texmf-dist/tex/latex/fancyvrb/fancyvrb.sty
Package: fancyvrb 2021/12/21 4.1b verbatim text (tvz,hv)

(/usr/share/texlive/texmf-dist/tex/latex/graphics/keyval.sty
Package: keyval 2014/10/28 v1.15 key=value parser (DPC)
\KV@toks@=\toks25
)
\FV@CodeLineNo=\count277
\FV@InFile=\read3
\FV@TabBox=\box61
\c@FancyVerbLine=\count278
\FV@StepNumber=\count279
\FV@OutFile=\write3
)
(/usr/share/texlive/texmf-dist/tex/latex/tools/tabularx.sty
Package: tabularx 2020/01/15 v2.11c `tabularx' package (DPC)
\TX@col@width=\dimen155
\TX@old@table=\dimen156
\TX@old@col=\dimen157
\TX@target=\dimen158
\TX@delta=\dimen159
\TX@cols=\count280
\TX@ftn=\toks26
)
(/usr/share/texlive/texmf-dist/tex/latex/tools/multicol.sty
Package: multicol 2021/10/28 v1.9b multicolumn formatting (FMi)
\c@tracingmulticols=\count281
\mult@box=\box62
\multicol@leftmargin=\dimen160
\c@unbalance=\count282
\c@collectmore=\count283
\doublecol@number=\count284
\multicoltolerance=\count285
\multicolpretolerance=\count286
\full@width=\dimen161
\page@free=\dimen162
\premulticols=\dimen163
\postmulticols=\dimen164
\multicolsep=\skip60
\multicolbaselineskip=\skip61
\partial@page=\box63
\last@line=\box64
\maxbalancingoverflow=\dimen165
\mult@rightbox=\box65
\mult@grightbox=\box66
\mult@firstbox=\box67
\mult@gfirstbox=\box68
\@tempa=\box69
\@tempa=\box70
\@tempa=\box71
\@tempa=\box72
\@tempa=\box73
\@tempa=\box74
\@tempa=\box75
\@tempa=\box76
\@tempa=\box77
\@tempa=\box78
\@tempa=\box79
\@tempa=\box80
\@tempa=\box81
\@tempa=\box82
\@tempa=\box83
\@tempa=\box84
\@tempa=\box85
\@tempa=\box86
\@tempa=\box87
\@tempa=\box88
\@tempa=\box89
\@tempa=\box90
\@tempa=\box91
\@tempa=\box92
\@tempa=\box93
\@tempa=\box94
\@tempa=\box95
\@tempa=\box96
\@tempa=\box97
\@tempa=\box98
\@tempa=\box99
\@tempa=\box100
\@tempa=\box101
\@tempa=\box102
\@tempa=\box103
\@tempa=\box104
\c@minrows=\count287
\c@columnbadness=\count288
\c@finalcolumnbadness=\count289
\last@try=\dimen166
\multicolovershoot=\dimen167
\multicolundershoot=\dimen168
\mult@nat@firstbox=\box105
\colbreak@box=\box106
\mc@col@check@num=\count290
)
(/usr/share/texlive/texmf-dist/tex/latex/multirow/multirow.sty
Package: multirow 2021/03/15 v2.8 Span multiple rows of a table
\multirow@colwidth=\skip62
\multirow@cntb=\count291
\multirow@dima=\skip63
\bigstrutjot=\dimen169
)
(/usr/share/texlive/texmf-dist/tex/latex/hanging/hanging.sty
Package: hanging 2009/09/02 v1.2b hanging paragraphs and punctuation
\h@ngcommawd=\skip64
\h@ngfstopwd=\skip65
\h@ngquotewd=\skip66
\h@ngdquotewd=\skip67
\h@ngquerywd=\skip68
\h@ngexclwd=\skip69
\h@ngcolonwd=\skip70
\h@ngscolonwd=\skip71
)
(/usr/share/texlive/texmf-dist/tex/generic/iftex/ifpdf.sty
Package: ifpdf 2019/10/25 v3.4 ifpdf legacy package. Use iftex instead.

(/usr/share/texlive/texmf-dist/tex/generic/iftex/iftex.sty
Package: iftex 2020/03/06 v1.0d TeX engine tests
))
(/usr/share/texlive/texmf-dist/tex/latex/adjustbox/adjustbox.sty
Package: adjustbox 2020/08/19 v1.3 Adjusting TeX boxes (trim, clip, ...)

(/usr/share/texlive/texmf-dist/tex/latex/xkeyval/xkeyval.sty
Package: xkeyval 2020/11/20 v2.8 package option processing (HA)

(/usr/share/texlive/texmf-dist/tex/generic/xkeyval/xkeyval.tex
(/usr/share/texlive/texmf-dist/tex/generic/xkeyval/xkvutils.tex
\XKV@toks=\toks27
\XKV@tempa@toks=\toks28
)
\XKV@depth=\count292
File: xkeyval.tex 2014/12/03 v2.7a key=value parser (HA)
))
(/usr/share/texlive/texmf-dist/tex/latex/adjustbox/adjcalc.sty
Package: adjcalc 2012/05/16 v1.1 Provides advanced setlength with multiple back
-ends (calc, etex, pgfmath)
)
(/usr/share/texlive/texmf-dist/tex/latex/adjustbox/trimclip.sty
Package: trimclip 2020/08/19 v1.2 Trim and clip general TeX material

(/usr/share/texlive/texmf-dist/tex/latex/graphics/graphicx.sty
Package: graphicx 2021/09/16 v1.2d Enhanced LaTeX Graphics (DPC,SPQR)

(/usr/share/texlive/texmf-dist/tex/latex/graphics/graphics.sty
Package: graphics 2021/03/04 v1.4d Standard LaTeX Graphics (DPC,SPQR)

(/usr/share/texlive/texmf-dist/tex/latex/graphics/trig.sty
Package: trig 2021/08/11 v1.11 sin cos tan (DPC)
)
(/usr/share/texlive/texmf-dist/tex/latex/graphics-cfg/graphics.cfg
File: graphics.cfg 2016/06/04 v1.11 sample graphics configuration
)
Package graphics Info: Driver file: pdftex.def on input line 107.
)
\Gin@req@height=\dimen170
\Gin@req@width=\dimen171
)
(/usr/share/texlive/texmf-dist/tex/latex/collectbox/collectbox.sty
Package: collectbox 2012/05/17 v0.4b Collect macro arguments as boxes
\collectedbox=\box107
)
\tc@llx=\dimen172
\tc@lly=\dimen173
\tc@urx=\dimen174
\tc@ury=\dimen175
Package trimclip Info: Using driver 'tc-pdftex.def'.

(/usr/share/texlive/texmf-dist/tex/latex/adjustbox/tc-pdftex.def
File: tc-pdftex.def 2019/01/04 v2.2 Clipping driver for pdftex
))
\adjbox@Width=\dimen176
\adjbox@Height=\dimen177
\adjbox@Depth=\dimen178
\adjbox@Totalheight=\dimen179
\adjbox@pwidth=\dimen180
\adjbox@pheight=\dimen181
\adjbox@pdepth=\dimen182
\adjbox@ptotalheight=\dimen183

(/usr/share/texlive/texmf-dist/tex/latex/ifoddpage/ifoddpage.sty
Package: ifoddpage 2016/04/23 v1.1 Conditionals for odd/even page detection
\c@checkoddpage=\count293
))
(/usr/share/texlive/texmf-dist/tex/latex/amsfonts/amssymb.sty
Package: amssymb 2013/01/14 v3.01 AMS font symbols

(/usr/share/texlive/texmf-dist/tex/latex/amsfonts/amsfonts.sty
Package: amsfonts 2013/01/14 v3.01 Basic AMSFonts support
\@emptytoks=\toks29
\symAMSa=\mathgroup4
\symAMSb=\mathgroup5
LaTeX Font Info:    Redeclaring math symbol \hbar on input line 98.
LaTeX Font Info:    Overwriting math alphabet `\mathfrak' in version `bold'
(Font)                  U/euf/m/n --> U/euf/b/n on input line 106.
))
(/usr/share/texlive/texmf-dist/tex/latex/stackengine/stackengine.sty
Package: stackengine 2021/07/22 v4.11\ Stacking text and objects in convenient 
ways

(/usr/share/texlive/texmf-dist/tex/latex/etoolbox/etoolbox.sty
Package: etoolbox 2020/10/05 v2.5k e-TeX tools for LaTeX (JAW)
\etb@tempcnta=\count294
)
(/usr/share/texlive/texmf-dist/tex/generic/listofitems/listofitems.sty
(/usr/share/texlive/texmf-dist/tex/generic/listofitems/listofitems.tex
\loi_cnt_foreach_nest=\count295
\loi_nestcnt=\count296
)
Package: listofitems 2019/08/21 v1.63 Grab items in lists using user-specified 
sep char (CT)
)
\c@@stackindex=\count297
\@boxshift=\skip72
\stack@tmplength=\skip73
\temp@stkl=\skip74
\@stackedboxwidth=\skip75
\@addedbox=\box108
\@anchorbox=\box109
\@insetbox=\box110
\se@backgroundbox=\box111
\stackedbox=\box112
\@centerbox=\box113
\c@ROWcellindex@=\count298
)
(/usr/share/texlive/texmf-dist/tex/generic/ulem/ulem.sty
\UL@box=\box114
\UL@hyphenbox=\box115
\UL@skip=\skip76
\UL@hook=\toks30
\UL@height=\dimen184
\UL@pe=\count299
\UL@pixel=\dimen185
\ULC@box=\box116
Package: ulem 2019/11/18
\ULdepth=\dimen186
)
\xrefbox=\box117
\xreflength=\skip77
\CodeWidthChar=\skip78
\CodeHeightChar=\skip79
\DoxyCodeWidth=\skip80
)
(/usr/share/texlive/texmf-dist/tex/latex/base/inputenc.sty
Package: inputenc 2021/02/14 v1.3d Input encoding file
\inpenc@prehook=\toks31
\inpenc@posthook=\toks32
)
(/usr/share/texlive/texmf-dist/tex/latex/base/makeidx.sty
Package: makeidx 2021/10/04 v1.0m Standard LaTeX package
)
(/usr/share/texlive/texmf-dist/tex/latex/base/textcomp.sty
Package: textcomp 2020/02/02 v2.0n Standard LaTeX package
)
(/usr/share/texlive/texmf-dist/tex/latex/wasysym/wasysym.sty
Package: wasysym 2020/01/19 v2.4 Wasy-2 symbol support package
\symwasy=\mathgroup6
LaTeX Font Info:    Overwriting symbol font `wasy' in version `bold'
(Font)                  U/wasy/m/n --> U/wasy/b/n on input line 93.
)
(/usr/share/texlive/texmf-dist/tex/generic/iftex/ifxetex.sty
Package: ifxetex 2019/10/25 v0.7 ifxetex legacy package. Use iftex instead.
)
(/usr/share/texlive/texmf-dist/tex/latex/base/fontenc.sty
Package: fontenc 2021/04/29 v2.0v Standard LaTeX package
)
(/usr/share/texlive/texmf-dist/tex/latex/psnfss/helvet.sty
Package: helvet 2020/03/25 PSNFSS-v9.3 (WaS) 
)
(/usr/share/texlive/texmf-dist/tex/latex/psnfss/courier.sty
Package: courier 2020/03/25 PSNFSS-v9.3 (WaS) 
)
(/usr/share/texlive/texmf-dist/tex/latex/sectsty/sectsty.sty
Package: sectsty 2002/02/25 v2.0.2 Commands to change all sectional heading sty
les


LaTeX Warning: Command \underbar  has changed.
               Check if current package is valid.


LaTeX Warning: Command \underline  has changed.
               Check if current package is valid.

) (/usr/share/texlive/texmf-dist/tex/latex/geometry/geometry.sty
Package: geometry 2020/01/02 v5.9 Page Geometry

(/usr/share/texlive/texmf-dist/tex/generic/iftex/ifvtex.sty
Package: ifvtex 2019/10/25 v1.7 ifvtex legacy package. Use iftex instead.
)
\Gm@cnth=\count300
\Gm@cntv=\count301
\c@Gm@tempcnt=\count302
\Gm@bindingoffset=\dimen187
\Gm@wd@mp=\dimen188
\Gm@odd@mp=\dimen189
\Gm@even@mp=\dimen190
\Gm@layoutwidth=\dimen191
\Gm@layoutheight=\dimen192
\Gm@layouthoffset=\dimen193
\Gm@layoutvoffset=\dimen194
\Gm@dimlist=\toks33
)
(/usr/share/texlive/texmf-dist/tex/latex/fancyhdr/fancyhdr.sty
Package: fancyhdr 2021/01/28 v4.0.1 Extensive control of page headers and foote
rs
\f@nch@headwidth=\skip81
\f@nch@O@elh=\skip82
\f@nch@O@erh=\skip83
\f@nch@O@olh=\skip84
\f@nch@O@orh=\skip85
\f@nch@O@elf=\skip86
\f@nch@O@erf=\skip87
\f@nch@O@olf=\skip88
\f@nch@O@orf=\skip89
)
(/usr/share/texlive/texmf-dist/tex/latex/natbib/natbib.sty
Package: natbib 2010/09/13 8.31b (PWD, AO)
\bibhang=\skip90
\bibsep=\skip91
LaTeX Info: Redefining \cite on input line 694.
\c@NAT@ctr=\count303
)
(/usr/share/texlive/texmf-dist/tex/latex/tocloft/tocloft.sty
Package: tocloft 2017/08/31 v2.3i parameterised ToC, etc., typesetting
Package tocloft Info: The document has chapter divisions on input line 51.
\cftparskip=\skip92
\cftbeforetoctitleskip=\skip93
\cftaftertoctitleskip=\skip94
\cftbeforepartskip=\skip95
\cftpartnumwidth=\skip96
\cftpartindent=\skip97
\cftbeforechapskip=\skip98
\cftchapindent=\skip99
\cftchapnumwidth=\skip100
\cftbeforesecskip=\skip101
\cftsecindent=\skip102
\cftsecnumwidth=\skip103
\cftbeforesubsecskip=\skip104
\cftsubsecindent=\skip105
\cftsubsecnumwidth=\skip106
\cftbeforesubsubsecskip=\skip107
\cftsubsubsecindent=\skip108
\cftsubsubsecnumwidth=\skip109
\cftbeforeparaskip=\skip110
\cftparaindent=\skip111
\cftparanumwidth=\skip112
\cftbeforesubparaskip=\skip113
\cftsubparaindent=\skip114
\cftsubparanumwidth=\skip115
\cftbeforeloftitleskip=\skip116
\cftafterloftitleskip=\skip117
\cftbeforefigskip=\skip118
\cftfigindent=\skip119
\cftfignumwidth=\skip120
\c@lofdepth=\count304
\c@lotdepth=\count305
\cftbeforelottitleskip=\skip121
\cftafterlottitleskip=\skip122
\cftbeforetabskip=\skip123
\cfttabindent=\skip124
\cfttabnumwidth=\skip125
)
\@indexfile=\write4
\openout4 = `refman.idx'.


Writing index file refman.idx
(/usr/share/texlive/texmf-dist/tex/latex/newunicodechar/newunicodechar.sty
Package: newunicodechar 2018/04/08 v1.2 Defining Unicode characters
)

Package newunicodechar Warning: Redefining Unicode character on input line 115.



Package newunicodechar Warning: Redefining Unicode character on input line 116.


(/usr/share/texlive/texmf-dist/tex/latex/hyperref/hyperref.sty
Package: hyperref 2021-06-07 v7.00m Hypertext links for LaTeX

(/usr/share/texlive/texmf-dist/tex/generic/ltxcmds/ltxcmds.sty
Package: ltxcmds 2020-05-10 v1.25 LaTeX kernel commands for general use (HO)
)
(/usr/share/texlive/texmf-dist/tex/generic/pdftexcmds/pdftexcmds.sty
Package: pdftexcmds 2020-06-27 v0.33 Utility functions of pdfTeX for LuaTeX (HO
)

(/usr/share/texlive/texmf-dist/tex/generic/infwarerr/infwarerr.sty
Package: infwarerr 2019/12/03 v1.5 Providing info/warning/error messages (HO)
)
Package pdftexcmds Info: \pdf@primitive is available.
Package pdftexcmds Info: \pdf@ifprimitive is available.
Package pdftexcmds Info: \pdfdraftmode found.
)
(/usr/share/texlive/texmf-dist/tex/generic/kvsetkeys/kvsetkeys.sty
Package: kvsetkeys 2019/12/15 v1.18 Key value parser (HO)
)
(/usr/share/texlive/texmf-dist/tex/generic/kvdefinekeys/kvdefinekeys.sty
Package: kvdefinekeys 2019-12-19 v1.6 Define keys (HO)
)
(/usr/share/texlive/texmf-dist/tex/generic/pdfescape/pdfescape.sty
Package: pdfescape 2019/12/09 v1.15 Implements pdfTeX's escape features (HO)
)
(/usr/share/texlive/texmf-dist/tex/latex/hycolor/hycolor.sty
Package: hycolor 2020-01-27 v1.10 Color options for hyperref/bookmark (HO)
)
(/usr/share/texlive/texmf-dist/tex/latex/letltxmacro/letltxmacro.sty
Package: letltxmacro 2019/12/03 v1.6 Let assignment for LaTeX macros (HO)
)
(/usr/share/texlive/texmf-dist/tex/latex/auxhook/auxhook.sty
Package: auxhook 2019-12-17 v1.6 Hooks for auxiliary files (HO)
)
(/usr/share/texlive/texmf-dist/tex/latex/kvoptions/kvoptions.sty
Package: kvoptions 2020-10-07 v3.14 Key value format for package options (HO)
)
\@linkdim=\dimen195
\Hy@linkcounter=\count306
\Hy@pagecounter=\count307

(/usr/share/texlive/texmf-dist/tex/latex/hyperref/pd1enc.def
File: pd1enc.def 2021-06-07 v7.00m Hyperref: PDFDocEncoding definition (HO)
Now handling font encoding PD1 ...
... no UTF-8 mapping file for font encoding PD1
)
(/usr/share/texlive/texmf-dist/tex/latex/hyperref/hyperref-langpatches.def
File: hyperref-langpatches.def 2021-06-07 v7.00m Hyperref: patches for babel la
nguages
)
(/usr/share/texlive/texmf-dist/tex/generic/intcalc/intcalc.sty
Package: intcalc 2019/12/15 v1.3 Expandable calculations with integers (HO)
)
(/usr/share/texlive/texmf-dist/tex/generic/etexcmds/etexcmds.sty
Package: etexcmds 2019/12/15 v1.7 Avoid name clashes with e-TeX commands (HO)
)
\Hy@SavedSpaceFactor=\count308

(/usr/share/texlive/texmf-dist/tex/latex/hyperref/puenc.def
File: puenc.def 2021-06-07 v7.00m Hyperref: PDF Unicode definition (HO)
Now handling font encoding PU ...
... no UTF-8 mapping file for font encoding PU
)
Package hyperref Info: Hyper figures OFF on input line 4192.
Package hyperref Info: Link nesting OFF on input line 4197.
Package hyperref Info: Hyper index ON on input line 4200.
Package hyperref Info: Plain pages OFF on input line 4207.
Package hyperref Info: Backreferencing ON on input line 4210.
Package hyperref Info: Implicit mode ON; LaTeX internals redefined.
Package hyperref Info: Bookmarks ON on input line 4445.

(/usr/share/texlive/texmf-dist/tex/latex/hyperref/backref.sty
Package: backref 2021/02/04 v1.41 Bibliographical back referencing

(/usr/share/texlive/texmf-dist/tex/latex/rerunfilecheck/rerunfilecheck.sty
Package: rerunfilecheck 2019/12/05 v1.9 Rerun checks for auxiliary files (HO)

(/usr/share/texlive/texmf-dist/tex/latex/base/atveryend-ltx.sty
Package: atveryend-ltx 2020/08/19 v1.0a Emulation of the original atveryend pac
kage
with kernel methods
)
(/usr/share/texlive/texmf-dist/tex/generic/uniquecounter/uniquecounter.sty
Package: uniquecounter 2019/12/15 v1.4 Provide unlimited unique counter (HO)

(/usr/share/texlive/texmf-dist/tex/generic/bigintcalc/bigintcalc.sty
Package: bigintcalc 2019/12/15 v1.5 Expandable calculations on big integers (HO
)
))
Package uniquecounter Info: New unique counter `rerunfilecheck' on input line 2
86.
))
\c@Hy@tempcnt=\count309

(/usr/share/texlive/texmf-dist/tex/latex/url/url.sty
\Urlmuskip=\muskip16
Package: url 2013/09/16  ver 3.4  Verb mode for urls, etc.
)
LaTeX Info: Redefining \url on input line 4804.
\XeTeXLinkMargin=\dimen196

(/usr/share/texlive/texmf-dist/tex/generic/bitset/bitset.sty
Package: bitset 2019/12/09 v1.3 Handle bit-vector datatype (HO)
)
\Fld@menulength=\count310
\Field@Width=\dimen197
\Fld@charsize=\dimen198
Package hyperref Info: Hyper figures OFF on input line 6076.
Package hyperref Info: Link nesting OFF on input line 6081.
Package hyperref Info: Hyper index ON on input line 6084.
Package hyperref Info: backreferencing ON on input line 6089.
Package hyperref Info: Link coloring OFF on input line 6096.
Package hyperref Info: Link coloring with OCG OFF on input line 6101.
Package hyperref Info: PDF/A mode OFF on input line 6106.
LaTeX Info: Redefining \ref on input line 6146.
LaTeX Info: Redefining \pageref on input line 6150.

(/usr/share/texlive/texmf-dist/tex/latex/base/atbegshi-ltx.sty
Package: atbegshi-ltx 2021/01/10 v1.0c Emulation of the original atbegshi
package with kernel methods
)
\Hy@abspage=\count311
\c@Item=\count312
\c@Hfootnote=\count313


LaTeX Warning: Command \LT@p@ftntext  has changed.
               Check if current package is valid.

)
Package hyperref Info: Driver: hpdftex.
 (/usr/share/texlive/texmf-dist/tex/latex/hyperref/hpdftex.def
File: hpdftex.def 2021-06-07 v7.00m Hyperref driver for pdfTeX
\Fld@listcount=\count314
\c@bookmark@seq@number=\count315
\Hy@SectionHShift=\skip126
)
Package hyperref Info: Option `colorlinks' set `true' on input line 134.
Package hyperref Info: Option `unicode' set `true' on input line 134.

(/usr/share/texlive/texmf-dist/tex/latex/caption/caption.sty
Package: caption 2020/10/26 v3.5g Customizing captions (AR)

(/usr/share/texlive/texmf-dist/tex/latex/caption/caption3.sty
Package: caption3 2020/10/21 v2.2e caption3 kernel (AR)
\captionmargin=\dimen199
\captionmargin@=\dimen256
\captionwidth=\dimen257
\caption@tempdima=\dimen258
\caption@indent=\dimen259
\caption@parindent=\dimen260
\caption@hangindent=\dimen261
Package caption Info: Standard document class detected.
)
\c@caption@flags=\count316
\c@continuedfloat=\count317
Package caption Info: float package is loaded.
Package caption Info: hyperref package is loaded.
Package caption Info: longtable package is loaded.

(/usr/share/texlive/texmf-dist/tex/latex/caption/ltcaption.sty
Package: ltcaption 2020/05/30 v1.4b longtable captions (AR)
))
(/usr/share/texlive/texmf-dist/tex/latex/etoc/etoc.sty
Package: etoc 2021/09/23 v1.09e Completely customisable TOCs (JFB)
\Etoc@toctoks=\toks34
\c@etoc@tocid=\count318
\c@etoc@tocdepth=\count319
\etoc@framed@titlebox=\box118
\etoc@framed@contentsbox=\box119
)
LaTeX Font Info:    Trying to load font information for T1+phv on input line 14
9.

(/usr/share/texlive/texmf-dist/tex/latex/psnfss/t1phv.fd
File: t1phv.fd 2020/03/25 scalable font definitions for T1/phv.
)
LaTeX Font Info:    Font shape `T1/phv/m/n' will be
(Font)              scaled to size 8.99994pt on input line 149.

(/usr/share/texlive/texmf-dist/tex/latex/l3backend/l3backend-pdftex.def
File: l3backend-pdftex.def 2022-01-12 L3 backend support: PDF output (pdfTeX)
\l__color_backend_stack_int=\count320
\l__pdf_internal_box=\box120
)
(./refman.aux)
\openout1 = `refman.aux'.

LaTeX Font Info:    Checking defaults for OML/cmm/m/it on input line 149.
LaTeX Font Info:    ... okay on input line 149.
LaTeX Font Info:    Checking defaults for OMS/cmsy/m/n on input line 149.
LaTeX Font Info:    ... okay on input line 149.
LaTeX Font Info:    Checking defaults for OT1/cmr/m/n on input line 149.
LaTeX Font Info:    ... okay on input line 149.
LaTeX Font Info:    Checking defaults for T1/cmr/m/n on input line 149.
LaTeX Font Info:    ... okay on input line 149.
LaTeX Font Info:    Checking defaults for TS1/cmr/m/n on input line 149.
LaTeX Font Info:    ... okay on input line 149.
LaTeX Font Info:    Checking defaults for OMX/cmex/m/n on input line 149.
LaTeX Font Info:    ... okay on input line 149.
LaTeX Font Info:    Checking defaults for U/cmr/m/n on input line 149.
LaTeX Font Info:    ... okay on input line 149.
LaTeX Font Info:    Checking defaults for PD1/pdf/m/n on input line 149.
LaTeX Font Info:    ... okay on input line 149.
LaTeX Font Info:    Checking defaults for PU/pdf/m/n on input line 149.
LaTeX Font Info:    ... okay on input line 149.

(/usr/share/texlive/texmf-dist/tex/context/base/mkii/supp-pdf.mkii
[Loading MPS to PDF converter (version 2006.09.02).]
\scratchcounter=\count321
\scratchdimen=\dimen262
\scratchbox=\box121
\nofMPsegments=\count322
\nofMParguments=\count323
\everyMPshowfont=\toks35
\MPscratchCnt=\count324
\MPscratchDim=\dimen263
\MPnumerator=\count325
\makeMPintoPDFobject=\count326
\everyMPtoPDFconversion=\toks36
) (/usr/share/texlive/texmf-dist/tex/latex/epstopdf-pkg/epstopdf-base.sty
Package: epstopdf-base 2020-01-24 v2.11 Base part for package epstopdf
Package epstopdf-base Info: Redefining graphics rule for `.eps' on input line 4
85.

(/usr/share/texlive/texmf-dist/tex/latex/latexconfig/epstopdf-sys.cfg
File: epstopdf-sys.cfg 2010/07/13 v1.3 Configuration of (r)epstopdf for TeX Liv
e
))
*geometry* driver: auto-detecting
*geometry* detected driver: pdftex
*geometry* verbose mode - [ preamble ] result:
* driver: pdftex
* paper: a4paper
* layout: <same size as paper>
* layoutoffset:(h,v)=(0.0pt,0.0pt)
* modes: twoside 
* h-part:(L,W,R)=(71.13188pt, 455.24411pt, 71.13188pt)
* v-part:(T,H,B)=(71.13188pt, 702.78308pt, 71.13188pt)
* \paperwidth=597.50787pt
* \paperheight=845.04684pt
* \textwidth=455.24411pt
* \textheight=702.78308pt
* \oddsidemargin=-1.1381pt
* \evensidemargin=-1.1381pt
* \topmargin=-31.2056pt
* \headheight=12.0pt
* \headsep=18.06749pt
* \topskip=10.0pt
* \footskip=25.29494pt
* \marginparwidth=125.0pt
* \marginparsep=7.0pt
* \columnsep=10.0pt
* \skip\footins=9.0pt plus 4.0pt minus 2.0pt
* \hoffset=0.0pt
* \voffset=0.0pt
* \mag=1000
* \@twocolumnfalse
* \@twosidetrue
* \@mparswitchtrue
* \@reversemarginfalse
* (1in=72.27pt=25.4mm, 1cm=28.453pt)

Package hyperref Info: Link coloring ON on input line 149.
(/usr/share/texlive/texmf-dist/tex/latex/hyperref/nameref.sty
Package: nameref 2021-04-02 v2.47 Cross-referencing by name of section

(/usr/share/texlive/texmf-dist/tex/latex/refcount/refcount.sty
Package: refcount 2019/12/15 v3.6 Data extraction from label references (HO)
)
(/usr/share/texlive/texmf-dist/tex/generic/gettitlestring/gettitlestring.sty
Package: gettitlestring 2019/12/15 v1.6 Cleanup title references (HO)
)
\c@section@level=\count327
)
LaTeX Info: Redefining \ref on input line 149.
LaTeX Info: Redefining \pageref on input line 149.
LaTeX Info: Redefining \nameref on input line 149.

(./refman.out) (./refman.out)
\@outlinefile=\write5
\openout5 = `refman.out'.

Package backref Info: ** backref set up for natbib ** on input line 149.
Package caption Info: Begin \AtBeginDocument code.
Package caption Info: End \AtBeginDocument code.
\Etoc@tf=\read4
Package hyperref Info: Option `pageanchor' set `false' on input line 156.
Package hyperref Info: Option `bookmarksnumbered' set `true' on input line 156.

Package hyperref Info: Option `unicode' set `true' on input line 156.
LaTeX Font Info:    Font shape `T1/phv/m/n' will be
(Font)              scaled to size 12.9599pt on input line 161.
LaTeX Font Info:    Font shape `T1/phv/m/n' will be
(Font)              scaled to size 6.29996pt on input line 161.
LaTeX Font Info:    Trying to load font information for U+msa on input line 161
.

(/usr/share/texlive/texmf-dist/tex/latex/amsfonts/umsa.fd
File: umsa.fd 2013/01/14 v3.01 AMS symbols A
)
LaTeX Font Info:    Trying to load font information for U+msb on input line 161
.

(/usr/share/texlive/texmf-dist/tex/latex/amsfonts/umsb.fd
File: umsb.fd 2013/01/14 v3.01 AMS symbols B
)
LaTeX Font Info:    Trying to load font information for U+wasy on input line 16
1.

(/usr/share/texlive/texmf-dist/tex/latex/wasysym/uwasy.fd
File: uwasy.fd 2020/01/19 v2.4 Wasy-2 symbol font definitions
)
LaTeX Font Info:    Font shape `T1/phv/m/n' will be
(Font)              scaled to size 10.79993pt on input line 163.
 [1


{/var/lib/texmf/fonts/map/pdftex/updmap/pdftex.map}] [2

]
\tf@toc=\write6
\openout6 = `refman.toc'.

LaTeX Font Info:    Font shape `T1/phv/b/n' will be
(Font)              scaled to size 8.99994pt on input line 169.
LaTeX Font Info:    Font shape `T1/phv/m/n' will be
(Font)              scaled to size 7.19995pt on input line 169.
LaTeX Font Info:    Trying to load font information for T1+pcr on input line 16
9.

(/usr/share/texlive/texmf-dist/tex/latex/psnfss/t1pcr.fd
File: t1pcr.fd 2001/06/04 font definitions for T1/pcr.
)
LaTeX Font Info:    Font shape `T1/phv/b/n' will be
(Font)              scaled to size 6.29996pt on input line 169.
 [1] [2]
Package hyperref Info: Option `pageanchor' set `true' on input line 171.

Chapter 1.
LaTeX Font Info:    Font shape `T1/phv/m/n' will be
(Font)              scaled to size 18.66588pt on input line 174.
LaTeX Font Info:    Font shape `T1/phv/b/n' will be
(Font)              scaled to size 18.66588pt on input line 174.
LaTeX Font Info:    Font shape `T1/phv/bc/n' will be
(Font)              scaled to size 18.66588pt on input line 174.
LaTeX Font Info:    Font shape `T1/phv/m/n' will be
(Font)              scaled to size 22.39185pt on input line 174.
LaTeX Font Info:    Font shape `T1/phv/b/n' will be
(Font)              scaled to size 22.39185pt on input line 174.
LaTeX Font Info:    Font shape `T1/phv/bc/n' will be
(Font)              scaled to size 22.39185pt on input line 174.
(./hierarchy.tex
LaTeX Font Info:    Font shape `T1/phv/b/n' will be
(Font)              scaled to size 12.9599pt on input line 1.
) [1


] [2

]
Chapter 2.
(./annotated.tex) [3] [4

]
Chapter 3.
(./files.tex

LaTeX Warning: Reference `BasePerson_8h' on page 5 undefined on input line 3.


LaTeX Warning: Reference `Student_8h' on page 5 undefined on input line 5.

) [5] [6

]
Chapter 4.
(./classBasePerson.tex <./classBasePerson__inherit__graph.pdf

pdfTeX warning: pdflatex (file ./classBasePerson__inherit__graph.pdf): PDF incl
usion: multiple pdfs with page group included in a single page
>
<classBasePerson__inherit__graph.pdf, id=323, 154.5775pt x 156.585pt>
File: classBasePerson__inherit__graph.pdf Graphic file (type pdf)
<use classBasePerson__inherit__graph.pdf>
Package pdftex.def Info: classBasePerson__inherit__graph.pdf  used on input lin
e 19.
(pdftex.def)             Requested size: 154.0pt x 156.01357pt.
LaTeX Font Info:    Font shape `T1/phv/b/n' will be
(Font)              scaled to size 10.79993pt on input line 22.
LaTeX Font Info:    Trying to load font information for TS1+phv on input line 2
5.
 (/usr/share/texlive/texmf-dist/tex/latex/psnfss/ts1phv.fd
File: ts1phv.fd 2020/03/25 scalable font definitions for TS1/phv.
)
LaTeX Font Info:    Font shape `TS1/phv/m/n' will be
(Font)              scaled to size 8.99994pt on input line 25.
LaTeX Font Info:    Font shape `T1/phv/m/n' will be
(Font)              scaled to size 8.09995pt on input line 27.
LaTeX Font Info:    Font shape `T1/phv/m/it' in size <9> not available
(Font)              Font shape `T1/phv/m/sl' tried instead on input line 27.
LaTeX Font Info:    Font shape `T1/phv/m/sl' will be
(Font)              scaled to size 8.09995pt on input line 27.
 [7]
LaTeX Font Info:    Font shape `T1/pcr/m/it' in size <8> not available
(Font)              Font shape `T1/pcr/m/sl' tried instead on input line 74.
LaTeX Font Info:    Font shape `T1/pcr/m/it' in size <7> not available
(Font)              Font shape `T1/pcr/m/sl' tried instead on input line 74.
 [8]
Underfull \hbox (badness 10000) detected at line 104
[][][]
 []

 <./classBasePerson_a02bb1ce891b1c89e8ff3804b5043d519_icgraph.pdf

pdfTeX warning: pdflatex (file ./classBasePerson_a02bb1ce891b1c89e8ff3804b5043d
519_icgraph.pdf): PDF inclusion: multiple pdfs with page group included in a si
ngle page
>
<classBasePerson_a02bb1ce891b1c89e8ff3804b5043d519_icgraph.pdf, id=377, 886.311
25pt x 559.08875pt>
File: classBasePerson_a02bb1ce891b1c89e8ff3804b5043d519_icgraph.pdf Graphic fil
e (type pdf)
<use classBasePerson_a02bb1ce891b1c89e8ff3804b5043d519_icgraph.pdf>
Package pdftex.def Info: classBasePerson_a02bb1ce891b1c89e8ff3804b5043d519_icgr
aph.pdf  used on input line 112.
(pdftex.def)             Requested size: 350.0pt x 220.78218pt.

Underfull \hbox (badness 10000) detected at line 125
[][][]
 []

 <./classBasePerson_a6bd5a225f3284c69a458d6abbd24245a_icgraph.pdf

pdfTeX warning: pdflatex (file ./classBasePerson_a6bd5a225f3284c69a458d6abbd242
45a_icgraph.pdf): PDF inclusion: multiple pdfs with page group included in a si
ngle page
>
<classBasePerson_a6bd5a225f3284c69a458d6abbd24245a_icgraph.pdf, id=385, 876.273
74pt x 591.20876pt>
File: classBasePerson_a6bd5a225f3284c69a458d6abbd24245a_icgraph.pdf Graphic fil
e (type pdf)
<use classBasePerson_a6bd5a225f3284c69a458d6abbd24245a_icgraph.pdf>
Package pdftex.def Info: classBasePerson_a6bd5a225f3284c69a458d6abbd24245a_icgr
aph.pdf  used on input line 133.
(pdftex.def)             Requested size: 350.0pt x 236.14552pt.
 [9]
Underfull \hbox (badness 10000) detected at line 146
[][][]
 []

 <./classBasePerson_ab26d5a7b96af76fd11af66a2d1983975_icgraph.pdf>
<classBasePerson_ab26d5a7b96af76fd11af66a2d1983975_icgraph.pdf, id=400, 897.352
5pt x 559.08875pt>
File: classBasePerson_ab26d5a7b96af76fd11af66a2d1983975_icgraph.pdf Graphic fil
e (type pdf)
<use classBasePerson_ab26d5a7b96af76fd11af66a2d1983975_icgraph.pdf>
Package pdftex.def Info: classBasePerson_ab26d5a7b96af76fd11af66a2d1983975_icgr
aph.pdf  used on input line 154.
(pdftex.def)             Requested size: 350.0pt x 218.06079pt.
 [10]
Underfull \hbox (badness 10000) detected at line 167
[][][]
 []

 <./classBasePerson_a874fbb5d4a97b6b3e3e3c150aec2a7eb_icgraph.pdf>
<classBasePerson_a874fbb5d4a97b6b3e3e3c150aec2a7eb_icgraph.pdf, id=415, 938.506
26pt x 559.08875pt>
File: classBasePerson_a874fbb5d4a97b6b3e3e3c150aec2a7eb_icgraph.pdf Graphic fil
e (type pdf)
<use classBasePerson_a874fbb5d4a97b6b3e3e3c150aec2a7eb_icgraph.pdf>
Package pdftex.def Info: classBasePerson_a874fbb5d4a97b6b3e3e3c150aec2a7eb_icgr
aph.pdf  used on input line 175.
(pdftex.def)             Requested size: 350.0pt x 208.49754pt.
 [11])
(./classStudent.tex <./classStudent__inherit__graph.pdf>
<classStudent__inherit__graph.pdf, id=432, 154.5775pt x 156.585pt>
File: classStudent__inherit__graph.pdf Graphic file (type pdf)
<use classStudent__inherit__graph.pdf>
Package pdftex.def Info: classStudent__inherit__graph.pdf  used on input line 1
9.
(pdftex.def)             Requested size: 154.0pt x 156.01357pt.
 [12] <./classStudent__coll__graph.pdf

pdfTeX warning: pdflatex (file ./classStudent__coll__graph.pdf): PDF inclusion:
 multiple pdfs with page group included in a single page
>
<classStudent__coll__graph.pdf, id=448, 154.5775pt x 156.585pt>
File: classStudent__coll__graph.pdf Graphic file (type pdf)
<use classStudent__coll__graph.pdf>
Package pdftex.def Info: classStudent__coll__graph.pdf  used on input line 29.
(pdftex.def)             Requested size: 154.0pt x 156.01357pt.
 [13]
LaTeX Font Info:    Font shape `T1/phv/b/n' will be
(Font)              scaled to size 7.19995pt on input line 65.
 [14]
Underfull \hbox (badness 10000) detected at line 135
[][][]
 []

 <./classStudent_a73356e055e0999f97e867f30b6de536d_icgraph.pdf

pdfTeX warning: pdflatex (file ./classStudent_a73356e055e0999f97e867f30b6de536d
_icgraph.pdf): PDF inclusion: multiple pdfs with page group included in a singl
e page
>
<classStudent_a73356e055e0999f97e867f30b6de536d_icgraph.pdf, id=552, 906.38625p
t x 559.08875pt>
File: classStudent_a73356e055e0999f97e867f30b6de536d_icgraph.pdf Graphic file (
type pdf)
<use classStudent_a73356e055e0999f97e867f30b6de536d_icgraph.pdf>
Package pdftex.def Info: classStudent_a73356e055e0999f97e867f30b6de536d_icgraph
.pdf  used on input line 145.
(pdftex.def)             Requested size: 350.0pt x 215.88539pt.
 [15]
Underfull \hbox (badness 10000) detected at line 158
[][][]
 []

 <./classStudent_a97ce4b2c413678fc82194ed912de77c7_icgraph.pdf>
<classStudent_a97ce4b2c413678fc82194ed912de77c7_icgraph.pdf, id=571, 867.24pt x
 559.08875pt>
File: classStudent_a97ce4b2c413678fc82194ed912de77c7_icgraph.pdf Graphic file (
type pdf)
<use classStudent_a97ce4b2c413678fc82194ed912de77c7_icgraph.pdf>
Package pdftex.def Info: classStudent_a97ce4b2c413678fc82194ed912de77c7_icgraph
.pdf  used on input line 168.
(pdftex.def)             Requested size: 350.0pt x 225.6363pt.

Underfull \hbox (badness 10000) detected at line 181
[][][]
 []

 <./classStudent_a47c7954d20124cdecfa7ab084fd777f7_icgraph.pdf

pdfTeX warning: pdflatex (file ./classStudent_a47c7954d20124cdecfa7ab084fd777f7
_icgraph.pdf): PDF inclusion: multiple pdfs with page group included in a singl
e page
>
<classStudent_a47c7954d20124cdecfa7ab084fd777f7_icgraph.pdf, id=581, 906.38625p
t x 559.08875pt>
File: classStudent_a47c7954d20124cdecfa7ab084fd777f7_icgraph.pdf Graphic file (
type pdf)
<use classStudent_a47c7954d20124cdecfa7ab084fd777f7_icgraph.pdf>
Package pdftex.def Info: classStudent_a47c7954d20124cdecfa7ab084fd777f7_icgraph
.pdf  used on input line 191.
(pdftex.def)             Requested size: 350.0pt x 215.88539pt.
 [16] <./classStudent_a78e0a36e97d117f12bd1879ca7e5cf9c_cgraph.pdf>
<classStudent_a78e0a36e97d117f12bd1879ca7e5cf9c_cgraph.pdf, id=600, 302.12875pt
 x 100.375pt>
File: classStudent_a78e0a36e97d117f12bd1879ca7e5cf9c_cgraph.pdf Graphic file (t
ype pdf)
<use classStudent_a78e0a36e97d117f12bd1879ca7e5cf9c_cgraph.pdf>
Package pdftex.def Info: classStudent_a78e0a36e97d117f12bd1879ca7e5cf9c_cgraph.
pdf  used on input line 215.
(pdftex.def)             Requested size: 301.0pt x 99.9995pt.
 <./classStudent_a78e0a36e97d117f12bd1879ca7e5cf9c_icgraph.pdf

pdfTeX warning: pdflatex (file ./classStudent_a78e0a36e97d117f12bd1879ca7e5cf9c
_icgraph.pdf): PDF inclusion: multiple pdfs with page group included in a singl
e page
>
<classStudent_a78e0a36e97d117f12bd1879ca7e5cf9c_icgraph.pdf, id=608, 868.24374p
t x 515.9275pt>
File: classStudent_a78e0a36e97d117f12bd1879ca7e5cf9c_icgraph.pdf Graphic file (
type pdf)
<use classStudent_a78e0a36e97d117f12bd1879ca7e5cf9c_icgraph.pdf>
Package pdftex.def Info: classStudent_a78e0a36e97d117f12bd1879ca7e5cf9c_icgraph
.pdf  used on input line 223.
(pdftex.def)             Requested size: 350.0pt x 207.98119pt.
 [17]
Overfull \vbox (8.40521pt too high) has occurred while \output is active []


[18]) [19] [20

]
Chapter 5.
(./Func_8h.tex <./Func_8h__incl.pdf

pdfTeX warning: pdflatex (file ./Func_8h__incl.pdf): PDF inclusion: multiple pd
fs with page group included in a single page
>
<Func_8h__incl.pdf, id=655, 608.2725pt x 269.005pt>
File: Func_8h__incl.pdf Graphic file (type pdf)
<use Func_8h__incl.pdf>
Package pdftex.def Info: Func_8h__incl.pdf  used on input line 21.
(pdftex.def)             Requested size: 350.0pt x 154.78749pt.
LaTeX Font Info:    Font shape `TS1/phv/m/it' in size <9> not available
(Font)              Font shape `TS1/phv/m/sl' tried instead on input line 30.
LaTeX Font Info:    Font shape `TS1/phv/m/sl' will be
(Font)              scaled to size 8.09995pt on input line 30.
 [21] [22] <./Func_8h_ac750547960e06727f27f61bcab7487f3_cgraph.pdf

pdfTeX warning: pdflatex (file ./Func_8h_ac750547960e06727f27f61bcab7487f3_cgra
ph.pdf): PDF inclusion: multiple pdfs with page group included in a single page

>
<Func_8h_ac750547960e06727f27f61bcab7487f3_cgraph.pdf, id=720, 1076.02pt x 691.
58376pt>
File: Func_8h_ac750547960e06727f27f61bcab7487f3_cgraph.pdf Graphic file (type p
df)
<use Func_8h_ac750547960e06727f27f61bcab7487f3_cgraph.pdf>
Package pdftex.def Info: Func_8h_ac750547960e06727f27f61bcab7487f3_cgraph.pdf  
used on input line 115.
(pdftex.def)             Requested size: 350.0pt x 224.952pt.
 <./Func_8h_ac750547960e06727f27f61bcab7487f3_icgraph.pdf

pdfTeX warning: pdflatex (file ./Func_8h_ac750547960e06727f27f61bcab7487f3_icgr
aph.pdf): PDF inclusion: multiple pdfs with page group included in a single pag
e
>
<Func_8h_ac750547960e06727f27f61bcab7487f3_icgraph.pdf, id=728, 734.745pt x 515
.9275pt>
File: Func_8h_ac750547960e06727f27f61bcab7487f3_icgraph.pdf Graphic file (type 
pdf)
<use Func_8h_ac750547960e06727f27f61bcab7487f3_icgraph.pdf>
Package pdftex.def Info: Func_8h_ac750547960e06727f27f61bcab7487f3_icgraph.pdf 
 used on input line 123.
(pdftex.def)             Requested size: 350.0pt x 245.76875pt.
 [23] <./Func_8h_ab1ca877cf5f8bed69f2c4e29e8475b3f_cgraph.pdf>
<Func_8h_ab1ca877cf5f8bed69f2c4e29e8475b3f_cgraph.pdf, id=744, 1078.0275pt x 69
1.58376pt>
File: Func_8h_ab1ca877cf5f8bed69f2c4e29e8475b3f_cgraph.pdf Graphic file (type p
df)
<use Func_8h_ab1ca877cf5f8bed69f2c4e29e8475b3f_cgraph.pdf>
Package pdftex.def Info: Func_8h_ab1ca877cf5f8bed69f2c4e29e8475b3f_cgraph.pdf  
used on input line 165.
(pdftex.def)             Requested size: 350.0pt x 224.52989pt.
 [24] <./Func_8h_ab1ca877cf5f8bed69f2c4e29e8475b3f_icgraph.pdf>
<Func_8h_ab1ca877cf5f8bed69f2c4e29e8475b3f_icgraph.pdf, id=762, 736.7525pt x 51
5.9275pt>
File: Func_8h_ab1ca877cf5f8bed69f2c4e29e8475b3f_icgraph.pdf Graphic file (type 
pdf)
<use Func_8h_ab1ca877cf5f8bed69f2c4e29e8475b3f_icgraph.pdf>
Package pdftex.def Info: Func_8h_ab1ca877cf5f8bed69f2c4e29e8475b3f_icgraph.pdf 
 used on input line 173.
(pdftex.def)             Requested size: 350.0pt x 245.09172pt.
 [25]
Underfull \hbox (badness 10000) detected at line 195
[][][]
 []

 <./Func_8h_ac1d0a5a972ff972f6e3de03a8ab1f6b3_cgraph.pdf>
<Func_8h_ac1d0a5a972ff972f6e3de03a8ab1f6b3_cgraph.pdf, id=777, 1109.14375pt x 7
14.67pt>
File: Func_8h_ac1d0a5a972ff972f6e3de03a8ab1f6b3_cgraph.pdf Graphic file (type p
df)
<use Func_8h_ac1d0a5a972ff972f6e3de03a8ab1f6b3_cgraph.pdf>
Package pdftex.def Info: Func_8h_ac1d0a5a972ff972f6e3de03a8ab1f6b3_cgraph.pdf  
used on input line 211.
(pdftex.def)             Requested size: 350.0pt x 225.51482pt.
 <./Func_8h_ac1d0a5a972ff972f6e3de03a8ab1f6b3_icgraph.pdf

pdfTeX warning: pdflatex (file ./Func_8h_ac1d0a5a972ff972f6e3de03a8ab1f6b3_icgr
aph.pdf): PDF inclusion: multiple pdfs with page group included in a single pag
e
>
<Func_8h_ac1d0a5a972ff972f6e3de03a8ab1f6b3_icgraph.pdf, id=785, 735.74875pt x 5
15.9275pt>
File: Func_8h_ac1d0a5a972ff972f6e3de03a8ab1f6b3_icgraph.pdf Graphic file (type 
pdf)
<use Func_8h_ac1d0a5a972ff972f6e3de03a8ab1f6b3_icgraph.pdf>
Package pdftex.def Info: Func_8h_ac1d0a5a972ff972f6e3de03a8ab1f6b3_icgraph.pdf 
 used on input line 219.
(pdftex.def)             Requested size: 350.0pt x 245.43811pt.
 [26] <./Func_8h_a3386a7beff355a04a379d804c216b58e_cgraph.pdf>
<Func_8h_a3386a7beff355a04a379d804c216b58e_cgraph.pdf, id=800, 945.5325pt x 625
.33624pt>
File: Func_8h_a3386a7beff355a04a379d804c216b58e_cgraph.pdf Graphic file (type p
df)
<use Func_8h_a3386a7beff355a04a379d804c216b58e_cgraph.pdf>
Package pdftex.def Info: Func_8h_a3386a7beff355a04a379d804c216b58e_cgraph.pdf  
used on input line 256.
(pdftex.def)             Requested size: 350.0pt x 231.47574pt.
 [27] <./Func_8h_a3386a7beff355a04a379d804c216b58e_icgraph.pdf>
<Func_8h_a3386a7beff355a04a379d804c216b58e_icgraph.pdf, id=816, 626.34pt x 413.
545pt>
File: Func_8h_a3386a7beff355a04a379d804c216b58e_icgraph.pdf Graphic file (type 
pdf)
<use Func_8h_a3386a7beff355a04a379d804c216b58e_icgraph.pdf>
Package pdftex.def Info: Func_8h_a3386a7beff355a04a379d804c216b58e_icgraph.pdf 
 used on input line 264.
(pdftex.def)             Requested size: 350.0pt x 231.09773pt.
 [28] <./Func_8h_a2f62e12057ef5971465770f7effbebdd_cgraph.pdf>
<Func_8h_a2f62e12057ef5971465770f7effbebdd_cgraph.pdf, id=832, 743.77875pt x 62
2.325pt>
File: Func_8h_a2f62e12057ef5971465770f7effbebdd_cgraph.pdf Graphic file (type p
df)
<use Func_8h_a2f62e12057ef5971465770f7effbebdd_cgraph.pdf>
Package pdftex.def Info: Func_8h_a2f62e12057ef5971465770f7effbebdd_cgraph.pdf  
used on input line 310.
(pdftex.def)             Requested size: 350.0pt x 292.85362pt.
 <./Func_8h_a2f62e12057ef5971465770f7effbebdd_icgraph.pdf

pdfTeX warning: pdflatex (file ./Func_8h_a2f62e12057ef5971465770f7effbebdd_icgr
aph.pdf): PDF inclusion: multiple pdfs with page group included in a single pag
e
>
<Func_8h_a2f62e12057ef5971465770f7effbebdd_icgraph.pdf, id=840, 604.2575pt x 55
5.07375pt>
File: Func_8h_a2f62e12057ef5971465770f7effbebdd_icgraph.pdf Graphic file (type 
pdf)
<use Func_8h_a2f62e12057ef5971465770f7effbebdd_icgraph.pdf>
Package pdftex.def Info: Func_8h_a2f62e12057ef5971465770f7effbebdd_icgraph.pdf 
 used on input line 318.
(pdftex.def)             Requested size: 350.0pt x 321.51103pt.
 [29] [30] <./Func_8h_a3ba779451a386238417fbab60f0d4db0_cgraph.pdf>
<Func_8h_a3ba779451a386238417fbab60f0d4db0_cgraph.pdf, id=863, 841.1425pt x 581
.17125pt>
File: Func_8h_a3ba779451a386238417fbab60f0d4db0_cgraph.pdf Graphic file (type p
df)
<use Func_8h_a3ba779451a386238417fbab60f0d4db0_cgraph.pdf>
Package pdftex.def Info: Func_8h_a3ba779451a386238417fbab60f0d4db0_cgraph.pdf  
used on input line 375.
(pdftex.def)             Requested size: 350.0pt x 241.82893pt.
 <./Func_8h_a3ba779451a386238417fbab60f0d4db0_icgraph.pdf

pdfTeX warning: pdflatex (file ./Func_8h_a3ba779451a386238417fbab60f0d4db0_icgr
aph.pdf): PDF inclusion: multiple pdfs with page group included in a single pag
e
>
<Func_8h_a3ba779451a386238417fbab60f0d4db0_icgraph.pdf, id=871, 701.62125pt x 4
95.8525pt>
File: Func_8h_a3ba779451a386238417fbab60f0d4db0_icgraph.pdf Graphic file (type 
pdf)
<use Func_8h_a3ba779451a386238417fbab60f0d4db0_icgraph.pdf>
Package pdftex.def Info: Func_8h_a3ba779451a386238417fbab60f0d4db0_icgraph.pdf 
 used on input line 383.
(pdftex.def)             Requested size: 350.0pt x 247.35818pt.
 [31]
Underfull \hbox (badness 10000) detected at line 405
[][][]
 []

 <./Func_8h_a2b0b043f500688e5d3291eb9794df6f8_cgraph.pdf>
<Func_8h_a2b0b043f500688e5d3291eb9794df6f8_cgraph.pdf, id=887, 1090.0725pt x 68
9.57625pt>
File: Func_8h_a2b0b043f500688e5d3291eb9794df6f8_cgraph.pdf Graphic file (type p
df)
<use Func_8h_a2b0b043f500688e5d3291eb9794df6f8_cgraph.pdf>
Package pdftex.def Info: Func_8h_a2b0b043f500688e5d3291eb9794df6f8_cgraph.pdf  
used on input line 421.
(pdftex.def)             Requested size: 350.0pt x 221.40544pt.
 [32] <./Func_8h_a2b0b043f500688e5d3291eb9794df6f8_icgraph.pdf>
<Func_8h_a2b0b043f500688e5d3291eb9794df6f8_icgraph.pdf, id=902, 748.7975pt x 51
5.9275pt>
File: Func_8h_a2b0b043f500688e5d3291eb9794df6f8_icgraph.pdf Graphic file (type 
pdf)
<use Func_8h_a2b0b043f500688e5d3291eb9794df6f8_icgraph.pdf>
Package pdftex.def Info: Func_8h_a2b0b043f500688e5d3291eb9794df6f8_icgraph.pdf 
 used on input line 429.
(pdftex.def)             Requested size: 350.0pt x 241.15552pt.
 [33] <./Func_8h_a5b86241374c9a379af845d4adaa170b5_cgraph.pdf>
<Func_8h_a5b86241374c9a379af845d4adaa170b5_cgraph.pdf, id=920, 832.10875pt x 69
6.6025pt>
File: Func_8h_a5b86241374c9a379af845d4adaa170b5_cgraph.pdf Graphic file (type p
df)
<use Func_8h_a5b86241374c9a379af845d4adaa170b5_cgraph.pdf>
Package pdftex.def Info: Func_8h_a5b86241374c9a379af845d4adaa170b5_cgraph.pdf  
used on input line 462.
(pdftex.def)             Requested size: 350.0pt x 293.00685pt.
 <./Func_8h_a5b86241374c9a379af845d4adaa170b5_icgraph.pdf

pdfTeX warning: pdflatex (file ./Func_8h_a5b86241374c9a379af845d4adaa170b5_icgr
aph.pdf): PDF inclusion: multiple pdfs with page group included in a single pag
e
>
<Func_8h_a5b86241374c9a379af845d4adaa170b5_icgraph.pdf, id=928, 626.34pt x 367.
3725pt>
File: Func_8h_a5b86241374c9a379af845d4adaa170b5_icgraph.pdf Graphic file (type 
pdf)
<use Func_8h_a5b86241374c9a379af845d4adaa170b5_icgraph.pdf>
Package pdftex.def Info: Func_8h_a5b86241374c9a379af845d4adaa170b5_icgraph.pdf 
 used on input line 470.
(pdftex.def)             Requested size: 350.0pt x 205.29555pt.
 [34] <./Func_8h_a5901f0abc50f1d7c2af517e57d266763_cgraph.pdf>
<Func_8h_a5901f0abc50f1d7c2af517e57d266763_cgraph.pdf, id=944, 852.18375pt x 59
3.21625pt>
File: Func_8h_a5901f0abc50f1d7c2af517e57d266763_cgraph.pdf Graphic file (type p
df)
<use Func_8h_a5901f0abc50f1d7c2af517e57d266763_cgraph.pdf>
Package pdftex.def Info: Func_8h_a5901f0abc50f1d7c2af517e57d266763_cgraph.pdf  
used on input line 503.
(pdftex.def)             Requested size: 350.0pt x 243.64566pt.
 <./Func_8h_a5901f0abc50f1d7c2af517e57d266763_icgraph.pdf

pdfTeX warning: pdflatex (file ./Func_8h_a5901f0abc50f1d7c2af517e57d266763_icgr
aph.pdf): PDF inclusion: multiple pdfs with page group included in a single pag
e
>
<Func_8h_a5901f0abc50f1d7c2af517e57d266763_icgraph.pdf, id=952, 734.745pt x 348
.30125pt>
File: Func_8h_a5901f0abc50f1d7c2af517e57d266763_icgraph.pdf Graphic file (type 
pdf)
<use Func_8h_a5901f0abc50f1d7c2af517e57d266763_icgraph.pdf>
Package pdftex.def Info: Func_8h_a5901f0abc50f1d7c2af517e57d266763_icgraph.pdf 
 used on input line 511.
(pdftex.def)             Requested size: 350.0pt x 165.91782pt.
 [35]
Underfull \hbox (badness 10000) detected at line 533
[][][]
 []

 <./Func_8h_ae6270cf6caa188c07ca5a7dcad460c9b_cgraph.pdf>
<Func_8h_ae6270cf6caa188c07ca5a7dcad460c9b_cgraph.pdf, id=970, 996.72375pt x 71
0.655pt>
File: Func_8h_ae6270cf6caa188c07ca5a7dcad460c9b_cgraph.pdf Graphic file (type p
df)
<use Func_8h_ae6270cf6caa188c07ca5a7dcad460c9b_cgraph.pdf>
Package pdftex.def Info: Func_8h_ae6270cf6caa188c07ca5a7dcad460c9b_cgraph.pdf  
used on input line 549.
(pdftex.def)             Requested size: 350.0pt x 249.54625pt.
 [36] <./Func_8h_ae6270cf6caa188c07ca5a7dcad460c9b_icgraph.pdf>
<Func_8h_ae6270cf6caa188c07ca5a7dcad460c9b_icgraph.pdf, id=985, 748.7975pt x 51
5.9275pt>
File: Func_8h_ae6270cf6caa188c07ca5a7dcad460c9b_icgraph.pdf Graphic file (type 
pdf)
<use Func_8h_ae6270cf6caa188c07ca5a7dcad460c9b_icgraph.pdf>
Package pdftex.def Info: Func_8h_ae6270cf6caa188c07ca5a7dcad460c9b_icgraph.pdf 
 used on input line 557.
(pdftex.def)             Requested size: 350.0pt x 241.15552pt.
 <./Func_8h_a4b148f40a95444d5669406b918ad2f52_icgraph.pdf

pdfTeX warning: pdflatex (file ./Func_8h_a4b148f40a95444d5669406b918ad2f52_icgr
aph.pdf): PDF inclusion: multiple pdfs with page group included in a single pag
e
>
<Func_8h_a4b148f40a95444d5669406b918ad2f52_icgraph.pdf, id=995, 682.55pt x 555.
07375pt>
File: Func_8h_a4b148f40a95444d5669406b918ad2f52_icgraph.pdf Graphic file (type 
pdf)
<use Func_8h_a4b148f40a95444d5669406b918ad2f52_icgraph.pdf>
Package pdftex.def Info: Func_8h_a4b148f40a95444d5669406b918ad2f52_icgraph.pdf 
 used on input line 577.
(pdftex.def)             Requested size: 350.0pt x 284.63382pt.
 [37] [38] <./Func_8h_a3ee13a706599175c7e56a1b6c894ff74_cgraph.pdf>
<Func_8h_a3ee13a706599175c7e56a1b6c894ff74_cgraph.pdf, id=1018, 1069.9975pt x 6
90.58pt>
File: Func_8h_a3ee13a706599175c7e56a1b6c894ff74_cgraph.pdf Graphic file (type p
df)
<use Func_8h_a3ee13a706599175c7e56a1b6c894ff74_cgraph.pdf>
Package pdftex.def Info: Func_8h_a3ee13a706599175c7e56a1b6c894ff74_cgraph.pdf  
used on input line 625.
(pdftex.def)             Requested size: 350.0pt x 225.89pt.
 <./Func_8h_a3ee13a706599175c7e56a1b6c894ff74_icgraph.pdf

pdfTeX warning: pdflatex (file ./Func_8h_a3ee13a706599175c7e56a1b6c894ff74_icgr
aph.pdf): PDF inclusion: multiple pdfs with page group included in a single pag
e
>
<Func_8h_a3ee13a706599175c7e56a1b6c894ff74_icgraph.pdf, id=1026, 728.7225pt x 5
15.9275pt>
File: Func_8h_a3ee13a706599175c7e56a1b6c894ff74_icgraph.pdf Graphic file (type 
pdf)
<use Func_8h_a3ee13a706599175c7e56a1b6c894ff74_icgraph.pdf>
Package pdftex.def Info: Func_8h_a3ee13a706599175c7e56a1b6c894ff74_icgraph.pdf 
 used on input line 633.
(pdftex.def)             Requested size: 350.0pt x 247.79196pt.
 [39]) [40] (./refman.ind [41



]) (./refman.aux)

LaTeX Warning: There were undefined references.

Package rerunfilecheck Info: File `refman.out' has not changed.
(rerunfilecheck)             Checksum: C133EDD1192A1EBD710BBCF6DE2509CB;9517.
 ) 
Here is how much of TeX's memory you used:
 17829 strings out of 478287
 298913 string characters out of 5849289
 590541 words of memory out of 5000000
 35501 multiletter control sequences out of 15000+600000
 525639 words of font info for 86 fonts, out of 8000000 for 9000
 1141 hyphenation exceptions out of 8191
 99i,16n,117p,462b,633s stack positions out of 5000i,500n,10000p,200000b,80000s
{/usr/share/texlive/texmf-dist/fonts/enc/dvips/base/8r.enc}</usr/share/texliv
e/texmf-dist/fonts/type1/public/amsfonts/cm/cmmi10.pfb></usr/share/texlive/texm
f-dist/fonts/type1/urw/courier/ucrb8a.pfb></usr/share/texlive/texmf-dist/fonts/
type1/urw/courier/ucrr8a.pfb></usr/share/texlive/texmf-dist/fonts/type1/urw/cou
rier/ucrro8a.pfb></usr/share/texlive/texmf-dist/fonts/type1/urw/helvetic/uhvb8a
.pfb></usr/share/texlive/texmf-dist/fonts/type1/urw/helvetic/uhvb8ac.pfb></usr/
share/texlive/texmf-dist/fonts/type1/urw/helvetic/uhvr8a.pfb></usr/share/texliv
e/texmf-dist/fonts/type1/urw/helvetic/uhvro8a.pfb>
Output written on refman.pdf (45 pages, 501899 bytes).
PDF statistics:
 1194 PDF objects out of 1200 (max. 8388607)
 971 compressed objects within 10 object streams
 200 named destinations out of 1000 (max. 500000)
 597 words of extra memory for PDF output out of 10000 (max. 10000000)

